[debug] [2019-09-25T04:07:37.538Z] ----------------------------------------------------------------------
[debug] [2019-09-25T04:07:37.540Z] Command:       C:\Program Files\nodejs\node.exe C:\Users\chunweichang\AppData\Roaming\npm\node_modules\firebase-tools\lib\bin\firebase.js init
[debug] [2019-09-25T04:07:37.540Z] CLI Version:   7.3.2
[debug] [2019-09-25T04:07:37.540Z] Platform:      win32
[debug] [2019-09-25T04:07:37.540Z] Node Version:  v10.14.2
[debug] [2019-09-25T04:07:37.542Z] Time:          Wed Sep 25 2019 12:07:37 GMT+0800 (GMT+08:00)
[debug] [2019-09-25T04:07:37.542Z] ----------------------------------------------------------------------
[debug] 
[debug] [2019-09-25T04:07:37.555Z] > command requires scopes: ["email","openid","https://www.googleapis.com/auth/cloudplatformprojects.readonly","https://www.googleapis.com/auth/firebase","https://www.googleapis.com/auth/cloud-platform"]
[debug] [2019-09-25T04:07:37.555Z] > authorizing via signed-in user
[info] 
     ######## #### ########  ######## ########     ###     ######  ########
     ##        ##  ##     ## ##       ##     ##  ##   ##  ##       ##
     ######    ##  ########  ######   ########  #########  ######  ######
     ##        ##  ##    ##  ##       ##     ## ##     ##       ## ##
     ##       #### ##     ## ######## ########  ##     ##  ######  ########

You're about to initialize a Firebase project in this directory:

  D:\14sideProject\EngmakerApp

[info] 
=== Project Setup
[info] 
[info] First, let's associate this project directory with a Firebase project.
[info] You can create multiple project aliases by running firebase use --add, 
[info] but for now we'll just set up a default project.
[info] 
